========================================================================================
Report      : ERROR
Date        : Wed Apr 04 14:40:04 CEST 2018
Description : ddsi_udp_conn_write failed with error code 22
Node        : archlinux
Process     : java <7523>
Thread      : tev 7f2f5259f700
Internals   : 6.7.171127OSS/fcc005a/fcc005a/ddsi2/ddsi_udp.c/144/0/1522845604.012679462/0
========================================================================================
Report      : ERROR
Date        : Wed Apr 04 14:40:04 CEST 2018
Description : ddsi_udp_conn_write failed with error code 22
Node        : archlinux
Process     : java <7523>
Thread      : tev 7f2f5259f700
Internals   : 6.7.171127OSS/fcc005a/fcc005a/ddsi2/ddsi_udp.c/144/0/1522845604.020361258/0
========================================================================================
Report      : ERROR
Date        : Wed Apr 04 14:40:05 CEST 2018
Description : ddsi_udp_conn_write failed with error code 22
Node        : archlinux
Process     : java <7523>
Thread      : tev 7f2f5259f700
Internals   : 6.7.171127OSS/fcc005a/fcc005a/ddsi2/ddsi_udp.c/144/0/1522845605.227188406/0
========================================================================================
Report      : ERROR
Date        : Wed Apr 04 14:40:13 CEST 2018
Description : ddsi_udp_conn_write failed with error code 22
Node        : archlinux
Process     : java <7523>
Thread      : tev 7f2f5259f700
Internals   : 6.7.171127OSS/fcc005a/fcc005a/ddsi2/ddsi_udp.c/144/0/1522845613.012757458/0
========================================================================================
Report      : ERROR
Date        : Wed Apr 04 14:40:13 CEST 2018
Description : ddsi_udp_conn_write failed with error code 22
Node        : archlinux
Process     : java <7523>
Thread      : tev 7f2f5259f700
Internals   : 6.7.171127OSS/fcc005a/fcc005a/ddsi2/ddsi_udp.c/144/0/1522845613.020756382/0
========================================================================================
Report      : ERROR
Date        : Wed Apr 04 14:40:14 CEST 2018
Description : ddsi_udp_conn_write failed with error code 22
Node        : archlinux
Process     : java <7523>
Thread      : tev 7f2f5259f700
Internals   : 6.7.171127OSS/fcc005a/fcc005a/ddsi2/ddsi_udp.c/144/0/1522845614.227550026/0
========================================================================================
Report      : ERROR
Date        : Wed Apr 04 14:40:22 CEST 2018
Description : ddsi_udp_conn_write failed with error code 22
Node        : archlinux
Process     : java <7523>
Thread      : tev 7f2f5259f700
Internals   : 6.7.171127OSS/fcc005a/fcc005a/ddsi2/ddsi_udp.c/144/0/1522845622.012955465/0
========================================================================================
Report      : ERROR
Date        : Wed Apr 04 14:40:22 CEST 2018
Description : ddsi_udp_conn_write failed with error code 22
Node        : archlinux
Process     : java <7523>
Thread      : tev 7f2f5259f700
Internals   : 6.7.171127OSS/fcc005a/fcc005a/ddsi2/ddsi_udp.c/144/0/1522845622.020931794/0
========================================================================================
Report      : ERROR
Date        : Wed Apr 04 14:40:23 CEST 2018
Description : ddsi_udp_conn_write failed with error code 22
Node        : archlinux
Process     : java <7523>
Thread      : tev 7f2f5259f700
Internals   : 6.7.171127OSS/fcc005a/fcc005a/ddsi2/ddsi_udp.c/144/0/1522845623.227665049/0
========================================================================================
Report      : ERROR
Date        : Wed Apr 04 14:40:31 CEST 2018
Description : ddsi_udp_conn_write failed with error code 22
Node        : archlinux
Process     : java <7523>
Thread      : tev 7f2f5259f700
Internals   : 6.7.171127OSS/fcc005a/fcc005a/ddsi2/ddsi_udp.c/144/0/1522845631.013014404/0
========================================================================================
Report      : ERROR
Date        : Wed Apr 04 14:40:31 CEST 2018
Description : ddsi_udp_conn_write failed with error code 22
Node        : archlinux
Process     : java <7523>
Thread      : tev 7f2f5259f700
Internals   : 6.7.171127OSS/fcc005a/fcc005a/ddsi2/ddsi_udp.c/144/0/1522845631.021087775/0
========================================================================================
Report      : ERROR
Date        : Wed Apr 04 14:40:32 CEST 2018
Description : ddsi_udp_conn_write failed with error code 22
Node        : archlinux
Process     : java <7523>
Thread      : tev 7f2f5259f700
Internals   : 6.7.171127OSS/fcc005a/fcc005a/ddsi2/ddsi_udp.c/144/0/1522845632.228039316/0
========================================================================================
Report      : ERROR
Date        : Wed Apr 04 14:40:40 CEST 2018
Description : ddsi_udp_conn_write failed with error code 22
Node        : archlinux
Process     : java <7523>
Thread      : tev 7f2f5259f700
Internals   : 6.7.171127OSS/fcc005a/fcc005a/ddsi2/ddsi_udp.c/144/0/1522845640.013400625/0
========================================================================================
Report      : ERROR
Date        : Wed Apr 04 14:40:40 CEST 2018
Description : ddsi_udp_conn_write failed with error code 22
Node        : archlinux
Process     : java <7523>
Thread      : tev 7f2f5259f700
Internals   : 6.7.171127OSS/fcc005a/fcc005a/ddsi2/ddsi_udp.c/144/0/1522845640.021474713/0
========================================================================================
Report      : ERROR
Date        : Wed Apr 04 14:40:41 CEST 2018
Description : ddsi_udp_conn_write failed with error code 22
Node        : archlinux
Process     : java <7523>
Thread      : tev 7f2f5259f700
Internals   : 6.7.171127OSS/fcc005a/fcc005a/ddsi2/ddsi_udp.c/144/0/1522845641.228399867/0
========================================================================================
Report      : ERROR
Date        : Wed Apr 04 14:40:49 CEST 2018
Description : ddsi_udp_conn_write failed with error code 22
Node        : archlinux
Process     : java <7523>
Thread      : tev 7f2f5259f700
Internals   : 6.7.171127OSS/fcc005a/fcc005a/ddsi2/ddsi_udp.c/144/0/1522845649.013509138/0
========================================================================================
Report      : ERROR
Date        : Wed Apr 04 14:40:49 CEST 2018
Description : ddsi_udp_conn_write failed with error code 22
Node        : archlinux
Process     : java <7523>
Thread      : tev 7f2f5259f700
Internals   : 6.7.171127OSS/fcc005a/fcc005a/ddsi2/ddsi_udp.c/144/0/1522845649.021738191/0
========================================================================================
Report      : ERROR
Date        : Wed Apr 04 14:40:50 CEST 2018
Description : ddsi_udp_conn_write failed with error code 22
Node        : archlinux
Process     : java <7523>
Thread      : tev 7f2f5259f700
Internals   : 6.7.171127OSS/fcc005a/fcc005a/ddsi2/ddsi_udp.c/144/0/1522845650.228760033/0
========================================================================================
Report      : ERROR
Date        : Wed Apr 04 14:40:58 CEST 2018
Description : ddsi_udp_conn_write failed with error code 22
Node        : archlinux
Process     : java <7523>
Thread      : tev 7f2f5259f700
Internals   : 6.7.171127OSS/fcc005a/fcc005a/ddsi2/ddsi_udp.c/144/0/1522845658.013887476/0
========================================================================================
Report      : ERROR
Date        : Wed Apr 04 14:40:58 CEST 2018
Description : ddsi_udp_conn_write failed with error code 22
Node        : archlinux
Process     : java <7523>
Thread      : tev 7f2f5259f700
Internals   : 6.7.171127OSS/fcc005a/fcc005a/ddsi2/ddsi_udp.c/144/0/1522845658.022121972/0
========================================================================================
Report      : ERROR
Date        : Wed Apr 04 14:40:59 CEST 2018
Description : ddsi_udp_conn_write failed with error code 22
Node        : archlinux
Process     : java <7523>
Thread      : tev 7f2f5259f700
Internals   : 6.7.171127OSS/fcc005a/fcc005a/ddsi2/ddsi_udp.c/144/0/1522845659.228944623/0
========================================================================================
Report      : ERROR
Date        : Wed Apr 04 14:41:07 CEST 2018
Description : ddsi_udp_conn_write failed with error code 22
Node        : archlinux
Process     : java <7523>
Thread      : tev 7f2f5259f700
Internals   : 6.7.171127OSS/fcc005a/fcc005a/ddsi2/ddsi_udp.c/144/0/1522845667.014248606/0
========================================================================================
Report      : ERROR
Date        : Wed Apr 04 14:41:07 CEST 2018
Description : ddsi_udp_conn_write failed with error code 22
Node        : archlinux
Process     : java <7523>
Thread      : tev 7f2f5259f700
Internals   : 6.7.171127OSS/fcc005a/fcc005a/ddsi2/ddsi_udp.c/144/0/1522845667.022457190/0
========================================================================================
Report      : ERROR
Date        : Wed Apr 04 14:41:08 CEST 2018
Description : ddsi_udp_conn_write failed with error code 22
Node        : archlinux
Process     : java <7523>
Thread      : tev 7f2f5259f700
Internals   : 6.7.171127OSS/fcc005a/fcc005a/ddsi2/ddsi_udp.c/144/0/1522845668.229298028/0
========================================================================================
Report      : ERROR
Date        : Wed Apr 04 14:41:16 CEST 2018
Description : ddsi_udp_conn_write failed with error code 22
Node        : archlinux
Process     : java <7523>
Thread      : tev 7f2f5259f700
Internals   : 6.7.171127OSS/fcc005a/fcc005a/ddsi2/ddsi_udp.c/144/0/1522845676.014657829/0
========================================================================================
Report      : ERROR
Date        : Wed Apr 04 14:41:16 CEST 2018
Description : ddsi_udp_conn_write failed with error code 22
Node        : archlinux
Process     : java <7523>
Thread      : tev 7f2f5259f700
Internals   : 6.7.171127OSS/fcc005a/fcc005a/ddsi2/ddsi_udp.c/144/0/1522845676.022625448/0
========================================================================================
Report      : ERROR
Date        : Wed Apr 04 14:41:17 CEST 2018
Description : ddsi_udp_conn_write failed with error code 22
Node        : archlinux
Process     : java <7523>
Thread      : tev 7f2f5259f700
Internals   : 6.7.171127OSS/fcc005a/fcc005a/ddsi2/ddsi_udp.c/144/0/1522845677.229712296/0
========================================================================================
Report      : ERROR
Date        : Wed Apr 04 14:41:25 CEST 2018
Description : ddsi_udp_conn_write failed with error code 22
Node        : archlinux
Process     : java <7523>
Thread      : tev 7f2f5259f700
Internals   : 6.7.171127OSS/fcc005a/fcc005a/ddsi2/ddsi_udp.c/144/0/1522845685.014783498/0
========================================================================================
Report      : ERROR
Date        : Wed Apr 04 14:41:25 CEST 2018
Description : ddsi_udp_conn_write failed with error code 22
Node        : archlinux
Process     : java <7523>
Thread      : tev 7f2f5259f700
Internals   : 6.7.171127OSS/fcc005a/fcc005a/ddsi2/ddsi_udp.c/144/0/1522845685.022792133/0
========================================================================================
Report      : ERROR
Date        : Wed Apr 04 14:41:26 CEST 2018
Description : ddsi_udp_conn_write failed with error code 22
Node        : archlinux
Process     : java <7523>
Thread      : tev 7f2f5259f700
Internals   : 6.7.171127OSS/fcc005a/fcc005a/ddsi2/ddsi_udp.c/144/0/1522845686.230033855/0
========================================================================================
Report      : ERROR
Date        : Wed Apr 04 14:41:34 CEST 2018
Description : ddsi_udp_conn_write failed with error code 22
Node        : archlinux
Process     : java <7523>
Thread      : tev 7f2f5259f700
Internals   : 6.7.171127OSS/fcc005a/fcc005a/ddsi2/ddsi_udp.c/144/0/1522845694.014907723/0
========================================================================================
Report      : ERROR
Date        : Wed Apr 04 14:41:34 CEST 2018
Description : ddsi_udp_conn_write failed with error code 22
Node        : archlinux
Process     : java <7523>
Thread      : tev 7f2f5259f700
Internals   : 6.7.171127OSS/fcc005a/fcc005a/ddsi2/ddsi_udp.c/144/0/1522845694.023145597/0
========================================================================================
Report      : ERROR
Date        : Wed Apr 04 14:41:35 CEST 2018
Description : ddsi_udp_conn_write failed with error code 22
Node        : archlinux
Process     : java <7523>
Thread      : tev 7f2f5259f700
Internals   : 6.7.171127OSS/fcc005a/fcc005a/ddsi2/ddsi_udp.c/144/0/1522845695.230109985/0
========================================================================================
Report      : ERROR
Date        : Wed Apr 04 14:41:43 CEST 2018
Description : ddsi_udp_conn_write failed with error code 22
Node        : archlinux
Process     : java <7523>
Thread      : tev 7f2f5259f700
Internals   : 6.7.171127OSS/fcc005a/fcc005a/ddsi2/ddsi_udp.c/144/0/1522845703.015288371/0
========================================================================================
Report      : ERROR
Date        : Wed Apr 04 14:41:43 CEST 2018
Description : ddsi_udp_conn_write failed with error code 22
Node        : archlinux
Process     : java <7523>
Thread      : tev 7f2f5259f700
Internals   : 6.7.171127OSS/fcc005a/fcc005a/ddsi2/ddsi_udp.c/144/0/1522845703.023408032/0
========================================================================================
Report      : ERROR
Date        : Wed Apr 04 14:41:44 CEST 2018
Description : ddsi_udp_conn_write failed with error code 22
Node        : archlinux
Process     : java <7523>
Thread      : tev 7f2f5259f700
Internals   : 6.7.171127OSS/fcc005a/fcc005a/ddsi2/ddsi_udp.c/144/0/1522845704.230504634/0
========================================================================================
Report      : ERROR
Date        : Wed Apr 04 14:41:52 CEST 2018
Description : ddsi_udp_conn_write failed with error code 22
Node        : archlinux
Process     : java <7523>
Thread      : tev 7f2f5259f700
Internals   : 6.7.171127OSS/fcc005a/fcc005a/ddsi2/ddsi_udp.c/144/0/1522845712.015696282/0
========================================================================================
Report      : ERROR
Date        : Wed Apr 04 14:41:52 CEST 2018
Description : ddsi_udp_conn_write failed with error code 22
Node        : archlinux
Process     : java <7523>
Thread      : tev 7f2f5259f700
Internals   : 6.7.171127OSS/fcc005a/fcc005a/ddsi2/ddsi_udp.c/144/0/1522845712.023748049/0
========================================================================================
Report      : ERROR
Date        : Wed Apr 04 14:41:53 CEST 2018
Description : ddsi_udp_conn_write failed with error code 22
Node        : archlinux
Process     : java <7523>
Thread      : tev 7f2f5259f700
Internals   : 6.7.171127OSS/fcc005a/fcc005a/ddsi2/ddsi_udp.c/144/0/1522845713.230855948/0
