========================================================================================
Report      : INFO
Date        : Wed Apr 04 13:47:41 CEST 2018
Description : ---------------------------------------------------------------
              -- The service is using the following configuration settings --
              ---------------------------------------------------------------
              Domain (id)          : ospl_sp_ddsi (0)
              Storage              : 0 Kbytes
              Storage threshold    : 1024 Kbytes
              Storage address      : Not available
              Locking              : default
              Memory mode          : Heap memory
              Builtin topics       : true
              Priority inheritance : false
              SystemId             : 344337656 from [1,2147483647]
Node        : archlinux
Process     : java <7367>
Thread      : spliced 7f1504017700
Internals   : 6.7.171127OSS/fcc005a/fcc005a/The OpenSplice domain service/u_domain.c/659/0/1522842461.067226961/0
========================================================================================
Report      : INFO
Date        : Wed Apr 04 13:47:41 CEST 2018
Description : Service cmsoap disabled
Node        : archlinux
Process     : java <7367>
Thread      : spliced 7f1504017700
Internals   : 6.7.171127OSS/fcc005a/fcc005a/OpenSplice domain service/sr_componentInfo.c/447/0/1522842461.067908633/0
========================================================================================
Report      : INFO
Date        : Wed Apr 04 13:47:41 CEST 2018
Description : ++++++++++++++++++++++++++++++++++++++++++++++++
              ++ The service 'splicedaemon' is now operational. 
              ++++++++++++++++++++++++++++++++++++++++++++++++
Node        : archlinux
Process     : java <7367>
Thread      : spliced 7f1504017700
Internals   : 6.7.171127OSS/fcc005a/fcc005a/v_serviceChangeState/v_service.c/295/0/1522842461.070803543/0
========================================================================================
Report      : WARNING
Date        : Wed Apr 04 13:47:41 CEST 2018
Description : using network interface wlp1s0 (192.168.1.241) selected arbitrarily from: wlp1s0, virbr1, enp0s21f0u2

Node        : archlinux
Process     : java <7367>
Thread      : ddsi2 7f14f73a0700
Internals   : 6.7.171127OSS/fcc005a/fcc005a/ddsi2/q_nwif.c/988/0/1522842461.074762933/0
========================================================================================
Report      : INFO
Date        : Wed Apr 04 13:47:41 CEST 2018
Description : ++++++++++++++++++++++++++++++++++++++++++++++++
              ++ The service 'ddsi2' is now operational. 
              ++++++++++++++++++++++++++++++++++++++++++++++++
Node        : archlinux
Process     : java <7367>
Thread      : ddsi2 7f14f73a0700
Internals   : 6.7.171127OSS/fcc005a/fcc005a/v_serviceChangeState/v_service.c/295/0/1522842461.084366319/0
========================================================================================
Report      : INFO
Date        : Wed Apr 04 13:48:54 CEST 2018
Description : ---------------------------------------------------------------
              -- The service is using the following configuration settings --
              ---------------------------------------------------------------
              Domain (id)          : ospl_sp_ddsi (0)
              Storage              : 0 Kbytes
              Storage threshold    : 1024 Kbytes
              Storage address      : Not available
              Locking              : default
              Memory mode          : Heap memory
              Builtin topics       : true
              Priority inheritance : false
              SystemId             : 1486301791 from [1,2147483647]
Node        : archlinux
Process     : java <7523>
Thread      : spliced 7f2fa0010700
Internals   : 6.7.171127OSS/fcc005a/fcc005a/The OpenSplice domain service/u_domain.c/659/0/1522842534.819764141/0
========================================================================================
Report      : INFO
Date        : Wed Apr 04 13:48:54 CEST 2018
Description : Service cmsoap disabled
Node        : archlinux
Process     : java <7523>
Thread      : spliced 7f2fa0010700
Internals   : 6.7.171127OSS/fcc005a/fcc005a/OpenSplice domain service/sr_componentInfo.c/447/0/1522842534.820622305/0
========================================================================================
Report      : INFO
Date        : Wed Apr 04 13:48:54 CEST 2018
Description : ++++++++++++++++++++++++++++++++++++++++++++++++
              ++ The service 'splicedaemon' is now operational. 
              ++++++++++++++++++++++++++++++++++++++++++++++++
Node        : archlinux
Process     : java <7523>
Thread      : spliced 7f2fa0010700
Internals   : 6.7.171127OSS/fcc005a/fcc005a/v_serviceChangeState/v_service.c/295/0/1522842534.823139927/0
========================================================================================
Report      : INFO
Date        : Wed Apr 04 13:48:54 CEST 2018
Description : ++++++++++++++++++++++++++++++++++++++++++++++++
              ++ The service 'ddsi2' is now operational. 
              ++++++++++++++++++++++++++++++++++++++++++++++++
Node        : archlinux
Process     : java <7523>
Thread      : ddsi2 7f2f52826700
Internals   : 6.7.171127OSS/fcc005a/fcc005a/v_serviceChangeState/v_service.c/295/0/1522842534.836095963/0
========================================================================================
Report      : INFO
Date        : Wed Apr 04 14:39:59 CEST 2018
Description : Missed heartbeat for node 1501477247. (DCPSPublication is complete)
Node        : archlinux
Process     : java <7523>
Thread      : OSPL Garbage Collector 7f2f52bc4700
Internals   : 6.7.171127OSS/fcc005a/fcc005a/v_spliced/v_spliced.c/2380/769/1522845599.556113118/0
